0 info it worked if it ends with ok
1 verbose cli [ '/usr/local/bin/node',
1 verbose cli   '/usr/local/bin/npm',
1 verbose cli   'run',
1 verbose cli   'build-parsers' ]
2 info using npm@3.10.10
3 info using node@v6.9.5
4 verbose run-script [ 'prebuild-parsers', 'build-parsers', 'postbuild-parsers' ]
5 info lifecycle defscript@0.0.1~prebuild-parsers: defscript@0.0.1
6 silly lifecycle defscript@0.0.1~prebuild-parsers: no script for prebuild-parsers, continuing
7 info lifecycle defscript@0.0.1~build-parsers: defscript@0.0.1
8 verbose lifecycle defscript@0.0.1~build-parsers: unsafe-perm in lifecycle true
9 verbose lifecycle defscript@0.0.1~build-parsers: PATH: /usr/local/lib/node_modules/npm/bin/node-gyp-bin:/home/gabe/Software/defscript/node_modules/.bin:/usr/local/sbin:/usr/local/bin:/usr/sbin:/usr/bin:/sbin:/bin
10 verbose lifecycle defscript@0.0.1~build-parsers: CWD: /home/gabe/Software/defscript
11 silly lifecycle defscript@0.0.1~build-parsers: Args: [ '-c',
11 silly lifecycle   'crane -r e lib/grammar.crane > lib/expression-parser.js && crane lib/grammar.crane > lib/module-parser.js' ]
12 silly lifecycle defscript@0.0.1~build-parsers: Returned: code: 1  signal: null
13 info lifecycle defscript@0.0.1~build-parsers: Failed to exec build-parsers script
14 verbose stack Error: defscript@0.0.1 build-parsers: `crane -r e lib/grammar.crane > lib/expression-parser.js && crane lib/grammar.crane > lib/module-parser.js`
14 verbose stack Exit status 1
14 verbose stack     at EventEmitter.<anonymous> (/usr/local/lib/node_modules/npm/lib/utils/lifecycle.js:255:16)
14 verbose stack     at emitTwo (events.js:106:13)
14 verbose stack     at EventEmitter.emit (events.js:191:7)
14 verbose stack     at ChildProcess.<anonymous> (/usr/local/lib/node_modules/npm/lib/utils/spawn.js:40:14)
14 verbose stack     at emitTwo (events.js:106:13)
14 verbose stack     at ChildProcess.emit (events.js:191:7)
14 verbose stack     at maybeClose (internal/child_process.js:877:16)
14 verbose stack     at Process.ChildProcess._handle.onexit (internal/child_process.js:226:5)
15 verbose pkgid defscript@0.0.1
16 verbose cwd /home/gabe/Software/defscript
17 error Linux 4.4.0-21-generic
18 error argv "/usr/local/bin/node" "/usr/local/bin/npm" "run" "build-parsers"
19 error node v6.9.5
20 error npm  v3.10.10
21 error code ELIFECYCLE
22 error defscript@0.0.1 build-parsers: `crane -r e lib/grammar.crane > lib/expression-parser.js && crane lib/grammar.crane > lib/module-parser.js`
22 error Exit status 1
23 error Failed at the defscript@0.0.1 build-parsers script 'crane -r e lib/grammar.crane > lib/expression-parser.js && crane lib/grammar.crane > lib/module-parser.js'.
23 error Make sure you have the latest version of node.js and npm installed.
23 error If you do, this is most likely a problem with the defscript package,
23 error not with npm itself.
23 error Tell the author that this fails on your system:
23 error     crane -r e lib/grammar.crane > lib/expression-parser.js && crane lib/grammar.crane > lib/module-parser.js
23 error You can get information on how to open an issue for this project with:
23 error     npm bugs defscript
23 error Or if that isn't available, you can get their info via:
23 error     npm owner ls defscript
23 error There is likely additional logging output above.
24 verbose exit [ 1, true ]
